# JRE version: OpenJDK Runtime Environment Corretto-16.0.2.7.1 (16.0.2+7) (build 16.0.2+7)
# Java VM: OpenJDK 64-Bit Server VM Corretto-16.0.2.7.1 (16.0.2+7, mixed mode, sharing, tiered, compressed oops, compressed class ptrs, g1 gc, windows-amd64)
GC Precious Log:
 CPUs: 4 total, 4 available
 Memory: 8077M
 Large Page Support: Disabled
 NUMA Support: Disabled
 Compressed Oops: Enabled (32-bit)
 Heap Region Size: 1M
 Heap Min Capacity: 8M
 Heap Initial Capacity: 128M
 Heap Max Capacity: 2020M
 Pre-touch: Disabled
 Parallel Workers: 4
 Concurrent Workers: 1
 Concurrent Refinement Workers: 4
 Periodic GC: Disabled
Heap:
 garbage-first heap   total 249856K, used 117001K [0x0000000081c00000, 0x0000000100000000)
  region size 1024K, 0 young (0K), 0 survivors (0K)
 Metaspace       used 16339K, committed 16576K, reserved 1064960K
  class space    used 2180K, committed 2304K, reserved 1048576K
GC Heap History (20 events):
Event: 483.044 GC heap after
{Heap after GC invocations=4528 (full 0):
 garbage-first heap   total 208896K, used 135433K [0x0000000081c00000, 0x0000000100000000)
  region size 1024K, 0 young (0K), 0 survivors (0K)
 Metaspace       used 16339K, committed 16576K, reserved 1064960K
  class space    used 2180K, committed 2304K, reserved 1048576K
}
Event: 483.322 GC heap before
{Heap before GC invocations=4529 (full 0):
 garbage-first heap   total 208896K, used 141577K [0x0000000081c00000, 0x0000000100000000)
  region size 1024K, 0 young (0K), 0 survivors (0K)
 Metaspace       used 16339K, committed 16576K, reserved 1064960K
  class space    used 2180K, committed 2304K, reserved 1048576K
}
Event: 483.347 GC heap after
{Heap after GC invocations=4530 (full 0):
 garbage-first heap   total 387072K, used 141577K [0x0000000081c00000, 0x0000000100000000)
  region size 1024K, 0 young (0K), 0 survivors (0K)
 Metaspace       used 16339K, committed 16576K, reserved 1064960K
  class space    used 2180K, committed 2304K, reserved 1048576K
}
Event: 483.389 GC heap before
{Heap before GC invocations=4530 (full 0):
 garbage-first heap   total 387072K, used 172297K [0x0000000081c00000, 0x0000000100000000)
  region size 1024K, 0 young (0K), 0 survivors (0K)
 Metaspace       used 16339K, committed 16576K, reserved 1064960K
  class space    used 2180K, committed 2304K, reserved 1048576K
}
Event: 483.420 GC heap after
{Heap after GC invocations=4531 (full 0):
 garbage-first heap   total 387072K, used 172297K [0x0000000081c00000, 0x0000000100000000)
  region size 1024K, 0 young (0K), 0 survivors (0K)
 Metaspace       used 16339K, committed 16576K, reserved 1064960K
  class space    used 2180K, committed 2304K, reserved 1048576K
}
Event: 483.445 GC heap before
{Heap before GC invocations=4531 (full 0):
 garbage-first heap   total 387072K, used 178441K [0x0000000081c00000, 0x0000000100000000)
  region size 1024K, 0 young (0K), 0 survivors (0K)
 Metaspace       used 16339K, committed 16576K, reserved 1064960K
  class space    used 2180K, committed 2304K, reserved 1048576K
}
Event: 483.454 GC heap after
{Heap after GC invocations=4532 (full 0):
 garbage-first heap   total 387072K, used 178441K [0x0000000081c00000, 0x0000000100000000)
  region size 1024K, 0 young (0K), 0 survivors (0K)
 Metaspace       used 16339K, committed 16576K, reserved 1064960K
  class space    used 2180K, committed 2304K, reserved 1048576K
}
Event: 483.732 GC heap before
{Heap before GC invocations=4533 (full 0):
 garbage-first heap   total 270336K, used 117001K [0x0000000081c00000, 0x0000000100000000)
  region size 1024K, 0 young (0K), 0 survivors (0K)
 Metaspace       used 16339K, committed 16576K, reserved 1064960K
  class space    used 2180K, committed 2304K, reserved 1048576K
}
Event: 483.756 GC heap after
{Heap after GC invocations=4534 (full 0):
 garbage-first heap   total 270336K, used 117001K [0x0000000081c00000, 0x0000000100000000)
  region size 1024K, 0 young (0K), 0 survivors (0K)
 Metaspace       used 16339K, committed 16576K, reserved 1064960K
  class space    used 2180K, committed 2304K, reserved 1048576K
}
Event: 483.789 GC heap before
{Heap before GC invocations=4534 (full 0):
 garbage-first heap   total 270336K, used 123145K [0x0000000081c00000, 0x0000000100000000)
  region size 1024K, 0 young (0K), 0 survivors (0K)
 Metaspace       used 16339K, committed 16576K, reserved 1064960K
  class space    used 2180K, committed 2304K, reserved 1048576K
}
Event: 483.799 GC heap after
{Heap after GC invocations=4535 (full 0):
 garbage-first heap   total 270336K, used 123145K [0x0000000081c00000, 0x0000000100000000)
  region size 1024K, 0 young (0K), 0 survivors (0K)
 Metaspace       used 16339K, committed 16576K, reserved 1064960K
  class space    used 2180K, committed 2304K, reserved 1048576K
}
Event: 484.150 GC heap before
{Heap before GC invocations=4536 (full 0):
 garbage-first heap   total 270336K, used 141577K [0x0000000081c00000, 0x0000000100000000)
  region size 1024K, 0 young (0K), 0 survivors (0K)
 Metaspace       used 16339K, committed 16576K, reserved 1064960K
  class space    used 2180K, committed 2304K, reserved 1048576K
}
Event: 484.170 GC heap after
{Heap after GC invocations=4537 (full 0):
 garbage-first heap   total 270336K, used 141577K [0x0000000081c00000, 0x0000000100000000)
  region size 1024K, 0 young (0K), 0 survivors (0K)
 Metaspace       used 16339K, committed 16576K, reserved 1064960K
  class space    used 2180K, committed 2304K, reserved 1048576K
}
Event: 484.436 GC heap before
{Heap before GC invocations=4538 (full 0):
 garbage-first heap   total 270336K, used 141577K [0x0000000081c00000, 0x0000000100000000)
  region size 1024K, 0 young (0K), 0 survivors (0K)
 Metaspace       used 16339K, committed 16576K, reserved 1064960K
  class space    used 2180K, committed 2304K, reserved 1048576K
}
Event: 484.456 GC heap after
{Heap after GC invocations=4539 (full 0):
 garbage-first heap   total 270336K, used 141577K [0x0000000081c00000, 0x0000000100000000)
  region size 1024K, 0 young (0K), 0 survivors (0K)
 Metaspace       used 16339K, committed 16576K, reserved 1064960K
  class space    used 2180K, committed 2304K, reserved 1048576K
}
Event: 484.726 GC heap before
{Heap before GC invocations=4540 (full 0):
 garbage-first heap   total 270336K, used 129289K [0x0000000081c00000, 0x0000000100000000)
  region size 1024K, 0 young (0K), 0 survivors (0K)
 Metaspace       used 16339K, committed 16576K, reserved 1064960K
  class space    used 2180K, committed 2304K, reserved 1048576K
}
Event: 484.753 GC heap after
{Heap after GC invocations=4541 (full 0):
 garbage-first heap   total 270336K, used 129289K [0x0000000081c00000, 0x0000000100000000)
  region size 1024K, 0 young (0K), 0 survivors (0K)
 Metaspace       used 16339K, committed 16576K, reserved 1064960K
  class space    used 2180K, committed 2304K, reserved 1048576K
}
Event: 485.072 GC heap before
{Heap before GC invocations=4542 (full 0):
 garbage-first heap   total 249856K, used 110857K [0x0000000081c00000, 0x0000000100000000)
  region size 1024K, 0 young (0K), 0 survivors (0K)
 Metaspace       used 16339K, committed 16576K, reserved 1064960K
  class space    used 2180K, committed 2304K, reserved 1048576K
}
Event: 485.094 GC heap after
{Heap after GC invocations=4543 (full 0):
 garbage-first heap   total 249856K, used 110857K [0x0000000081c00000, 0x0000000100000000)
  region size 1024K, 0 young (0K), 0 survivors (0K)
 Metaspace       used 16339K, committed 16576K, reserved 1064960K
  class space    used 2180K, committed 2304K, reserved 1048576K
}
Event: 485.100 GC heap before
{Heap before GC invocations=4543 (full 0):
 garbage-first heap   total 249856K, used 117001K [0x0000000081c00000, 0x0000000100000000)
  region size 1024K, 0 young (0K), 0 survivors (0K)
 Metaspace       used 16339K, committed 16576K, reserved 1064960K
  class space    used 2180K, committed 2304K, reserved 1048576K
}

